app/build/outputs/logs/manifest-merger-release-report.txt
-- Merging decision tree log ---
manifest
ADDED from src\main\AndroidManifest.xml:2:1-291:12
INJECTED from src\main\AndroidManifest.xml:2:1-291:12
INJECTED from src\main\AndroidManifest.xml:2:1-291:12
INJECTED from src\main\AndroidManifest.xml:2:1-291:12
MERGED from [com.android.support:cardview-v7:26.1.0] AndroidManifest.xml:17:1-28:12
MERGED from [cn.bingoogolapple:bga-swipebacklayout:1.1.0] AndroidManifest.xml:2:1-10:12
MERGED from [com.blankj:utilcode:1.3.6] AndroidManifest.xml:2:1-10:12
MERGED from [io.reactivex:rxandroid:1.2.1] AndroidManifest.xml:15:1-21:12
MERGED from [com.trello.rxlifecycle2:rxlifecycle-components:2.1.0] AndroidManifest.xml:13:1-19:12
MERGED from [com.trello.rxlifecycle2:rxlifecycle-android:2.1.0] AndroidManifest.xml:13:1-19:12
MERGED from [com.jakewharton:butterknife:8.8.1] AndroidManifest.xml:2:1-7:12
MERGED from [com.airbnb.android:lottie:2.1.0] AndroidManifest.xml:2:1-12:12
MERGED from [com.journeyapps:zxing-android-embedded:3.3.0] AndroidManifest.xml:17:1-55:12
MERGED from [com.scwang.smartrefresh:SmartRefreshLayout:1.1.0-alpha-14] AndroidManifest.xml:2:1-17:12
MERGED from [cn.jzvd:jiaozivideoplayer:6.2.12] AndroidManifest.xml:2:1-13:12
MERGED from [com.android.support:design:26.1.0] AndroidManifest.xml:17:1-31:12
MERGED from [com.android.support:transition:26.1.0] AndroidManifest.xml:17:1-28:12
MERGED from [com.android.support:appcompat-v7:26.1.0] AndroidManifest.xml:17:1-31:12
MERGED from [com.android.support:support-v4:26.1.0] AndroidManifest.xml:17:1-31:12
MERGED from [com.android.support.constraint:constraint-layout:1.1.2] AndroidManifest.xml:2:1-11:12
MERGED from [com.google.android:flexbox:1.0.0] AndroidManifest.xml:17:1-27:12
MERGED from [me.yokeyword:fragmentation:1.0.0] AndroidManifest.xml:2:1-11:12
MERGED from [com.squareup.leakcanary:leakcanary-android-no-op:1.3] AndroidManifest.xml:17:1-24:12
MERGED from [com.android.support:recyclerview-v7:26.1.0] AndroidManifest.xml:17:1-28:12
MERGED from [com.android.support:animated-vector-drawable:26.1.0] AndroidManifest.xml:17:1-28:12
MERGED from [com.android.support:support-fragment:26.1.0] AndroidManifest.xml:17:1-31:12
MERGED from [com.android.support:support-core-ui:26.1.0] AndroidManifest.xml:17:1-31:12
MERGED from [com.android.support:support-vector-drawable:26.1.0] AndroidManifest.xml:17:1-28:12
MERGED from [com.android.support:support-media-compat:26.1.0] AndroidManifest.xml:17:1-31:12
MERGED from [com.android.support:support-core-utils:26.1.0] AndroidManifest.xml:17:1-31:12
MERGED from [com.android.support:support-compat:26.1.0] AndroidManifest.xml:17:1-31:12
MERGED from [io.reactivex.rxjava2:rxandroid:2.0.1] AndroidManifest.xml:15:1-21:12
MERGED from [me.yokeyword:fragmentation-core:1.0.0] AndroidManifest.xml:2:1-11:12
MERGED from [android.arch.lifecycle:runtime:1.0.0] AndroidManifest.xml:17:1-30:12
INJECTED from src\main\AndroidManifest.xml:2:1-291:12
INJECTED from src\main\AndroidManifest.xml:2:1-291:12
INJECTED from src\main\AndroidManifest.xml:2:1-291:12
	package
		ADDED from src\main\AndroidManifest.xml:3:5-28
		INJECTED from src\main\AndroidManifest.xml
		INJECTED from src\main\AndroidManifest.xml
	android:versionName
		INJECTED from src\main\AndroidManifest.xml
		ADDED from src\main\AndroidManifest.xml:2:1-291:12
		INJECTED from src\main\AndroidManifest.xml
	android:versionCode
		INJECTED from src\main\AndroidManifest.xml
		ADDED from src\main\AndroidManifest.xml:2:1-291:12
		INJECTED from src\main\AndroidManifest.xml
	xmlns:android
		ADDED from src\main\AndroidManifest.xml:2:11-69
uses-permission#android.permission.ACCESS_NETWORK_STATE
ADDED from src\main\AndroidManifest.xml:6:5-79
MERGED from [cn.jzvd:jiaozivideoplayer:6.2.12] AndroidManifest.xml:11:5-79
MERGED from [cn.jzvd:jiaozivideoplayer:6.2.12] AndroidManifest.xml:11:5-79
	android:name
		ADDED from src\main\AndroidManifest.xml:6:22-76
uses-permission#android.permission.ACCESS_WIFI_STATE
ADDED from src\main\AndroidManifest.xml:8:5-76
	android:name
		ADDED from src\main\AndroidManifest.xml:8:22-73
uses-permission#android.permission.INTERNET
ADDED from src\main\AndroidManifest.xml:9:5-67
	android:name
		ADDED from src\main\AndroidManifest.xml:9:22-64
uses-permission#android.permission.WRITE_EXTERNAL_STORAGE
ADDED from src\main\AndroidManifest.xml:11:5-81
	android:name
		ADDED from src\main\AndroidManifest.xml:11:22-78
uses-permission#android.permission.READ_EXTERNAL_STORAGE
ADDED from src\main\AndroidManifest.xml:12:5-80
	android:name
		ADDED from src\main\AndroidManifest.xml:12:22-77
uses-permission#android.permission.GET_ACCOUNTS
ADDED from src\main\AndroidManifest.xml:15:5-71
	android:name
		ADDED from src\main\AndroidManifest.xml:15:22-68
uses-permission#android.permission.READ_PROFILE
ADDED from src\main\AndroidManifest.xml:16:5-71
	android:name
		ADDED from src\main\AndroidManifest.xml:16:22-68
uses-permission#android.permission.READ_CONTACTS
ADDED from src\main\AndroidManifest.xml:17:5-72
	android:name
		ADDED from src\main\AndroidManifest.xml:17:22-69
permission#com.cxzy.xxjg.permission.JPUSH_MESSAGE
ADDED from src\main\AndroidManifest.xml:20:5-22:47
	android:protectionLevel
		ADDED from src\main\AndroidManifest.xml:22:9-44
	android:name
		ADDED from src\main\AndroidManifest.xml:21:9-62
uses-permission#com.cxzy.xxjg.permission.JPUSH_MESSAGE
ADDED from src\main\AndroidManifest.xml:24:5-78
	android:name
		ADDED from src\main\AndroidManifest.xml:24:22-75
uses-permission#android.permission.RECEIVE_USER_PRESENT
ADDED from src\main\AndroidManifest.xml:25:5-79
	android:name
		ADDED from src\main\AndroidManifest.xml:25:22-76
uses-permission#android.permission.READ_PHONE_STATE
ADDED from src\main\AndroidManifest.xml:26:5-75
	android:name
		ADDED from src\main\AndroidManifest.xml:26:22-72
uses-permission#android.permission.WRITE_SETTINGS
ADDED from src\main\AndroidManifest.xml:27:5-73
	android:name
		ADDED from src\main\AndroidManifest.xml:27:22-70
uses-permission#android.permission.MOUNT_UNMOUNT_FILESYSTEMS
ADDED from src\main\AndroidManifest.xml:28:5-84
	android:name
		ADDED from src\main\AndroidManifest.xml:28:22-81
uses-permission#android.permission.VIBRATE
ADDED from src\main\AndroidManifest.xml:29:5-66
	android:name
		ADDED from src\main\AndroidManifest.xml:29:22-63
uses-permission#android.permission.SYSTEM_ALERT_WINDOW
ADDED from src\main\AndroidManifest.xml:30:5-78
	android:name
		ADDED from src\main\AndroidManifest.xml:30:22-75
uses-permission#android.permission.ACCESS_COARSE_LOCATION
ADDED from src\main\AndroidManifest.xml:31:5-81
	android:name
		ADDED from src\main\AndroidManifest.xml:31:22-78
uses-permission#android.permission.CHANGE_WIFI_STATE
ADDED from src\main\AndroidManifest.xml:32:5-76
	android:name
		ADDED from src\main\AndroidManifest.xml:32:22-73
uses-permission#android.permission.ACCESS_FINE_LOCATION
ADDED from src\main\AndroidManifest.xml:33:5-79
	android:name
		ADDED from src\main\AndroidManifest.xml:33:22-76
uses-permission#android.permission.ACCESS_LOCATION_EXTRA_COMMANDS
ADDED from src\main\AndroidManifest.xml:34:5-89
	android:name
		ADDED from src\main\AndroidManifest.xml:34:22-86
uses-permission#android.permission.CHANGE_NETWORK_STATE
ADDED from src\main\AndroidManifest.xml:35:5-79
	android:name
		ADDED from src\main\AndroidManifest.xml:35:22-76
uses-permission#android.permission.GET_TASKS
ADDED from src\main\AndroidManifest.xml:36:5-68
	android:name
		ADDED from src\main\AndroidManifest.xml:36:22-65
application
ADDED from src\main\AndroidManifest.xml:38:5-289:19
MERGED from [com.android.support:cardview-v7:26.1.0] AndroidManifest.xml:22:5-26:19
MERGED from [com.android.support:cardview-v7:26.1.0] AndroidManifest.xml:22:5-26:19
MERGED from [com.airbnb.android:lottie:2.1.0] AndroidManifest.xml:10:5-20
MERGED from [com.airbnb.android:lottie:2.1.0] AndroidManifest.xml:10:5-20
MERGED from [com.journeyapps:zxing-android-embedded:3.3.0] AndroidManifest.xml:45:5-53:19
MERGED from [com.journeyapps:zxing-android-embedded:3.3.0] AndroidManifest.xml:45:5-53:19
MERGED from [com.scwang.smartrefresh:SmartRefreshLayout:1.1.0-alpha-14] AndroidManifest.xml:11:5-15:19
MERGED from [com.scwang.smartrefresh:SmartRefreshLayout:1.1.0-alpha-14] AndroidManifest.xml:11:5-15:19
MERGED from [com.android.support:design:26.1.0] AndroidManifest.xml:25:5-29:19
MERGED from [com.android.support:design:26.1.0] AndroidManifest.xml:25:5-29:19
MERGED from [com.android.support:transition:26.1.0] AndroidManifest.xml:22:5-26:19
MERGED from [com.android.support:transition:26.1.0] AndroidManifest.xml:22:5-26:19
MERGED from [com.android.support:appcompat-v7:26.1.0] AndroidManifest.xml:25:5-29:19
MERGED from [com.android.support:appcompat-v7:26.1.0] AndroidManifest.xml:25:5-29:19
MERGED from [com.android.support:support-v4:26.1.0] AndroidManifest.xml:25:5-29:19
MERGED from [com.android.support:support-v4:26.1.0] AndroidManifest.xml:25:5-29:19
MERGED from [com.android.support.constraint:constraint-layout:1.1.2] AndroidManifest.xml:9:5-20
MERGED from [com.android.support.constraint:constraint-layout:1.1.2] AndroidManifest.xml:9:5-20
MERGED from [me.yokeyword:fragmentation:1.0.0] AndroidManifest.xml:9:5-20
MERGED from [me.yokeyword:fragmentation:1.0.0] AndroidManifest.xml:9:5-20
MERGED from [com.android.support:recyclerview-v7:26.1.0] AndroidManifest.xml:22:5-26:19
MERGED from [com.android.support:recyclerview-v7:26.1.0] AndroidManifest.xml:22:5-26:19
MERGED from [com.android.support:animated-vector-drawable:26.1.0] AndroidManifest.xml:22:5-26:19
MERGED from [com.android.support:animated-vector-drawable:26.1.0] AndroidManifest.xml:22:5-26:19
MERGED from [com.android.support:support-fragment:26.1.0] AndroidManifest.xml:25:5-29:19
MERGED from [com.android.support:support-fragment:26.1.0] AndroidManifest.xml:25:5-29:19
MERGED from [com.android.support:support-core-ui:26.1.0] AndroidManifest.xml:25:5-29:19
MERGED from [com.android.support:support-core-ui:26.1.0] AndroidManifest.xml:25:5-29:19
MERGED from [com.android.support:support-vector-drawable:26.1.0] AndroidManifest.xml:22:5-26:19
MERGED from [com.android.support:support-vector-drawable:26.1.0] AndroidManifest.xml:22:5-26:19
MERGED from [com.android.support:support-media-compat:26.1.0] AndroidManifest.xml:25:5-29:19
MERGED from [com.android.support:support-media-compat:26.1.0] AndroidManifest.xml:25:5-29:19
MERGED from [com.android.support:support-core-utils:26.1.0] AndroidManifest.xml:25:5-29:19
MERGED from [com.android.support:support-core-utils:26.1.0] AndroidManifest.xml:25:5-29:19
MERGED from [com.android.support:support-compat:26.1.0] AndroidManifest.xml:25:5-29:19
MERGED from [com.android.support:support-compat:26.1.0] AndroidManifest.xml:25:5-29:19
MERGED from [me.yokeyword:fragmentation-core:1.0.0] AndroidManifest.xml:9:5-20
MERGED from [me.yokeyword:fragmentation-core:1.0.0] AndroidManifest.xml:9:5-20
MERGED from [android.arch.lifecycle:runtime:1.0.0] AndroidManifest.xml:24:5-28:19
MERGED from [android.arch.lifecycle:runtime:1.0.0] AndroidManifest.xml:24:5-28:19
	android:supportsRtl
		ADDED from src\main\AndroidManifest.xml:43:9-35
	android:label
		ADDED from src\main\AndroidManifest.xml:42:9-41
	android:icon
		ADDED from src\main\AndroidManifest.xml:41:9-48
	android:allowBackup
		ADDED from src\main\AndroidManifest.xml:40:9-35
	android:theme
		ADDED from src\main\AndroidManifest.xml:44:9-40
	android:name
		ADDED from src\main\AndroidManifest.xml:39:9-34
provider#android.support.v4.content.FileProvider
ADDED from src\main\AndroidManifest.xml:45:9-53:20
	android:grantUriPermissions
		ADDED from src\main\AndroidManifest.xml:49:13-47
	android:authorities
		ADDED from src\main\AndroidManifest.xml:47:13-61
	android:exported
		ADDED from src\main\AndroidManifest.xml:48:13-37
	android:name
		ADDED from src\main\AndroidManifest.xml:46:13-67
meta-data#android.support.FILE_PROVIDER_PATHS
ADDED from src\main\AndroidManifest.xml:50:13-52:54
	android:resource
		ADDED from src\main\AndroidManifest.xml:52:17-51
	android:name
		ADDED from src\main\AndroidManifest.xml:51:17-67
activity#cn.jpush.android.ui.PopWinActivity
ADDED from src\main\AndroidManifest.xml:56:9-59:52
	android:exported
		ADDED from src\main\AndroidManifest.xml:58:13-37
	android:theme
		ADDED from src\main\AndroidManifest.xml:59:13-49
	android:name
		ADDED from src\main\AndroidManifest.xml:57:13-62
activity#cn.jpush.android.ui.PushActivity
ADDED from src\main\AndroidManifest.xml:62:9-73:20
	android:exported
		ADDED from src\main\AndroidManifest.xml:65:13-37
	android:configChanges
		ADDED from src\main\AndroidManifest.xml:64:13-63
	android:theme
		ADDED from src\main\AndroidManifest.xml:66:13-60
	android:name
		ADDED from src\main\AndroidManifest.xml:63:13-60
intent-filter#android.intent.category.DEFAULT+cn.jpush.android.ui.PushActivity+com.cxzy.xxjg
ADDED from src\main\AndroidManifest.xml:67:13-72:29
action#cn.jpush.android.ui.PushActivity
ADDED from src\main\AndroidManifest.xml:68:17-75
	android:name
		ADDED from src\main\AndroidManifest.xml:68:25-72
category#android.intent.category.DEFAULT
ADDED from src\main\AndroidManifest.xml:70:17-76
	android:name
		ADDED from src\main\AndroidManifest.xml:70:27-73
category#com.cxzy.xxjg
ADDED from src\main\AndroidManifest.xml:71:17-58
	android:name
		ADDED from src\main\AndroidManifest.xml:71:27-55
service#cn.jpush.android.service.PushService
ADDED from src\main\AndroidManifest.xml:77:9-87:19
	android:process
		ADDED from src\main\AndroidManifest.xml:80:13-36
	android:exported
		ADDED from src\main\AndroidManifest.xml:79:13-37
	android:name
		ADDED from src\main\AndroidManifest.xml:78:13-64
intent-filter#cn.jpush.android.intent.PUSH_TIME+cn.jpush.android.intent.PushService+cn.jpush.android.intent.REGISTER+cn.jpush.android.intent.REPORT
ADDED from src\main\AndroidManifest.xml:81:13-86:29
action#cn.jpush.android.intent.REGISTER
ADDED from src\main\AndroidManifest.xml:82:17-75
	android:name
		ADDED from src\main\AndroidManifest.xml:82:25-72
action#cn.jpush.android.intent.REPORT
ADDED from src\main\AndroidManifest.xml:83:17-73
	android:name
		ADDED from src\main\AndroidManifest.xml:83:25-70
action#cn.jpush.android.intent.PushService
ADDED from src\main\AndroidManifest.xml:84:17-78
	android:name
		ADDED from src\main\AndroidManifest.xml:84:25-75
action#cn.jpush.android.intent.PUSH_TIME
ADDED from src\main\AndroidManifest.xml:85:17-76
	android:name
		ADDED from src\main\AndroidManifest.xml:85:25-73
provider#cn.jpush.android.service.DataProvider
ADDED from src\main\AndroidManifest.xml:89:9-92:40
	android:authorities
		ADDED from src\main\AndroidManifest.xml:91:13-61
	android:exported
		ADDED from src\main\AndroidManifest.xml:92:13-37
	android:name
		ADDED from src\main\AndroidManifest.xml:90:13-65
service#cn.jpush.android.service.DaemonService
ADDED from src\main\AndroidManifest.xml:96:9-105:19
	android:enabled
		ADDED from src\main\AndroidManifest.xml:98:13-35
	android:exported
		ADDED from src\main\AndroidManifest.xml:99:13-36
	android:name
		ADDED from src\main\AndroidManifest.xml:97:13-66
intent-filter#cn.jpush.android.intent.DaemonService+com.cxzy.xxjg
ADDED from src\main\AndroidManifest.xml:100:13-104:29
action#cn.jpush.android.intent.DaemonService
ADDED from src\main\AndroidManifest.xml:101:17-80
	android:name
		ADDED from src\main\AndroidManifest.xml:101:25-77
provider#cn.jpush.android.service.DownloadProvider
ADDED from src\main\AndroidManifest.xml:107:9-110:39
	android:authorities
		ADDED from src\main\AndroidManifest.xml:109:13-65
	android:exported
		ADDED from src\main\AndroidManifest.xml:110:13-36
	android:name
		ADDED from src\main\AndroidManifest.xml:108:13-69
receiver#cn.jpush.android.service.PushReceiver
ADDED from src\main\AndroidManifest.xml:112:9-131:20
	android:enabled
		ADDED from src\main\AndroidManifest.xml:114:13-35
	android:exported
		ADDED from src\main\AndroidManifest.xml:115:13-37
	android:name
		ADDED from src\main\AndroidManifest.xml:113:13-65
intent-filter#cn.jpush.android.intent.NOTIFICATION_RECEIVED_PROXY+com.cxzy.xxjg
ADDED from src\main\AndroidManifest.xml:116:13-119:29
	android:priority
		ADDED from src\main\AndroidManifest.xml:116:28-51
action#cn.jpush.android.intent.NOTIFICATION_RECEIVED_PROXY
ADDED from src\main\AndroidManifest.xml:117:17-94
	android:name
		ADDED from src\main\AndroidManifest.xml:117:25-91
intent-filter#android.intent.action.USER_PRESENT+android.net.conn.CONNECTIVITY_CHANGE
ADDED from src\main\AndroidManifest.xml:120:13-123:29
action#android.intent.action.USER_PRESENT
ADDED from src\main\AndroidManifest.xml:121:17-77
	android:name
		ADDED from src\main\AndroidManifest.xml:121:25-74
action#android.net.conn.CONNECTIVITY_CHANGE
ADDED from src\main\AndroidManifest.xml:122:17-79
	android:name
		ADDED from src\main\AndroidManifest.xml:122:25-76
intent-filter#android.intent.action.PACKAGE_ADDED+android.intent.action.PACKAGE_REMOVED
ADDED from src\main\AndroidManifest.xml:125:13-130:29
action#android.intent.action.PACKAGE_ADDED
ADDED from src\main\AndroidManifest.xml:126:17-78
	android:name
		ADDED from src\main\AndroidManifest.xml:126:25-75
action#android.intent.action.PACKAGE_REMOVED
ADDED from src\main\AndroidManifest.xml:127:17-80
	android:name
		ADDED from src\main\AndroidManifest.xml:127:25-77
data
ADDED from src\main\AndroidManifest.xml:129:17-50
	android:scheme
		ADDED from src\main\AndroidManifest.xml:129:23-47
receiver#cn.jpush.android.service.AlarmReceiver
ADDED from src\main\AndroidManifest.xml:134:9-136:40
	android:exported
		ADDED from src\main\AndroidManifest.xml:136:13-37
	android:name
		ADDED from src\main\AndroidManifest.xml:135:13-66
receiver#com.cxzy.xxjg.receiver.MyJPushMessageReceiver
ADDED from src\main\AndroidManifest.xml:139:9-158:20
	android:enabled
		ADDED from src\main\AndroidManifest.xml:141:13-35
	android:name
		ADDED from src\main\AndroidManifest.xml:140:13-60
intent-filter#cn.jpush.android.intent.ACTION_RICHPUSH_CALLBACK+cn.jpush.android.intent.CONNECTION+cn.jpush.android.intent.MESSAGE_RECEIVED+cn.jpush.android.intent.NOTIFICATION_OPENED+cn.jpush.android.intent.NOTIFICATION_RECEIVED+cn.jpush.android.intent.REGISTRATION+cn.jpush.android.intent.UNREGISTRATION+com.cxzy.xxjg
ADDED from src\main\AndroidManifest.xml:142:13-157:29
action#cn.jpush.android.intent.REGISTRATION
ADDED from src\main\AndroidManifest.xml:143:17-79
	android:name
		ADDED from src\main\AndroidManifest.xml:143:25-76
action#cn.jpush.android.intent.UNREGISTRATION
ADDED from src\main\AndroidManifest.xml:145:17-81
	android:name
		ADDED from src\main\AndroidManifest.xml:145:25-78
action#cn.jpush.android.intent.MESSAGE_RECEIVED
ADDED from src\main\AndroidManifest.xml:146:17-83
	android:name
		ADDED from src\main\AndroidManifest.xml:146:25-80
action#cn.jpush.android.intent.NOTIFICATION_RECEIVED
ADDED from src\main\AndroidManifest.xml:148:17-88
	android:name
		ADDED from src\main\AndroidManifest.xml:148:25-85
action#cn.jpush.android.intent.NOTIFICATION_OPENED
ADDED from src\main\AndroidManifest.xml:150:17-86
	android:name
		ADDED from src\main\AndroidManifest.xml:150:25-83
action#cn.jpush.android.intent.ACTION_RICHPUSH_CALLBACK
ADDED from src\main\AndroidManifest.xml:152:17-91
	android:name
		ADDED from src\main\AndroidManifest.xml:152:25-88
action#cn.jpush.android.intent.CONNECTION
ADDED from src\main\AndroidManifest.xml:154:17-77
	android:name
		ADDED from src\main\AndroidManifest.xml:154:25-74
meta-data#JPUSH_CHANNEL
ADDED from src\main\AndroidManifest.xml:160:9-162:49
	android:value
		ADDED from src\main\AndroidManifest.xml:162:13-46
	android:name
		ADDED from src\main\AndroidManifest.xml:161:13-41
meta-data#JPUSH_APPKEY
ADDED from src\main\AndroidManifest.xml:163:9-165:56
	android:value
		ADDED from src\main\AndroidManifest.xml:165:13-53
	android:name
		ADDED from src\main\AndroidManifest.xml:164:13-40
activity#com.cxzy.xxjg.ui.activitys.SplashActivityActivity
ADDED from src\main\AndroidManifest.xml:167:9-176:20
	android:screenOrientation
		ADDED from src\main\AndroidManifest.xml:170:13-49
	android:launchMode
		ADDED from src\main\AndroidManifest.xml:169:13-44
	android:name
		ADDED from src\main\AndroidManifest.xml:168:13-64
intent-filter#android.intent.action.MAIN+android.intent.category.LAUNCHER
ADDED from src\main\AndroidManifest.xml:171:13-175:29
action#android.intent.action.MAIN
ADDED from src\main\AndroidManifest.xml:172:17-69
	android:name
		ADDED from src\main\AndroidManifest.xml:172:25-66
category#android.intent.category.LAUNCHER
ADDED from src\main\AndroidManifest.xml:174:17-77
	android:name
		ADDED from src\main\AndroidManifest.xml:174:27-74
activity#com.cxzy.xxjg.MainActivity
ADDED from src\main\AndroidManifest.xml:177:9-188:20
	android:screenOrientation
		ADDED from src\main\AndroidManifest.xml:180:13-49
	android:launchMode
		ADDED from src\main\AndroidManifest.xml:179:13-44
	android:windowSoftInputMode
		ADDED from src\main\AndroidManifest.xml:182:13-64
	android:theme
		ADDED from src\main\AndroidManifest.xml:181:13-44
	android:name
		ADDED from src\main\AndroidManifest.xml:178:13-41
intent-filter#android.intent.action.VIEW+android.intent.category.DEFAULT
ADDED from src\main\AndroidManifest.xml:183:13-187:29
action#android.intent.action.VIEW
ADDED from src\main\AndroidManifest.xml:184:17-69
	android:name
		ADDED from src\main\AndroidManifest.xml:184:25-66
activity#com.cxzy.xxjg.ui.activitys.LoginActivity
ADDED from src\main\AndroidManifest.xml:189:9-192:59
	android:screenOrientation
		ADDED from src\main\AndroidManifest.xml:191:13-49
	android:theme
		ADDED from src\main\AndroidManifest.xml:192:13-56
	android:name
		ADDED from src\main\AndroidManifest.xml:190:13-55
activity#com.cxzy.xxjg.ui.activitys.ScanActivity
ADDED from src\main\AndroidManifest.xml:193:9-198:63
	android:screenOrientation
		ADDED from src\main\AndroidManifest.xml:196:13-49
	android:launchMode
		ADDED from src\main\AndroidManifest.xml:195:13-44
	android:windowSoftInputMode
		ADDED from src\main\AndroidManifest.xml:198:13-60
	android:theme
		ADDED from src\main\AndroidManifest.xml:197:13-56
	android:name
		ADDED from src\main\AndroidManifest.xml:194:13-54
activity#com.cxzy.xxjg.ui.activitys.ListoricalWarningActivity
ADDED from src\main\AndroidManifest.xml:199:9-203:63
	android:screenOrientation
		ADDED from src\main\AndroidManifest.xml:201:13-49
	android:windowSoftInputMode
		ADDED from src\main\AndroidManifest.xml:203:13-60
	android:theme
		ADDED from src\main\AndroidManifest.xml:202:13-56
	android:name
		ADDED from src\main\AndroidManifest.xml:200:13-67
activity#com.cxzy.xxjg.ui.activitys.PurchaseActivity
ADDED from src\main\AndroidManifest.xml:204:9-208:63
	android:screenOrientation
		ADDED from src\main\AndroidManifest.xml:206:13-49
	android:windowSoftInputMode
		ADDED from src\main\AndroidManifest.xml:208:13-60
	android:theme
		ADDED from src\main\AndroidManifest.xml:207:13-56
	android:name
		ADDED from src\main\AndroidManifest.xml:205:13-58
activity#com.cxzy.xxjg.ui.activitys.MyCanteenActivity
ADDED from src\main\AndroidManifest.xml:209:9-213:63
	android:screenOrientation
		ADDED from src\main\AndroidManifest.xml:211:13-49
	android:windowSoftInputMode
		ADDED from src\main\AndroidManifest.xml:213:13-60
	android:theme
		ADDED from src\main\AndroidManifest.xml:212:13-56
	android:name
		ADDED from src\main\AndroidManifest.xml:210:13-59
activity#com.cxzy.xxjg.ui.activitys.RegulatoryInformationActivity
ADDED from src\main\AndroidManifest.xml:214:9-218:63
	android:screenOrientation
		ADDED from src\main\AndroidManifest.xml:216:13-49
	android:windowSoftInputMode
		ADDED from src\main\AndroidManifest.xml:218:13-60
	android:theme
		ADDED from src\main\AndroidManifest.xml:217:13-56
	android:name
		ADDED from src\main\AndroidManifest.xml:215:13-71
activity#com.cxzy.xxjg.ui.activitys.VideoActivity
ADDED from src\main\AndroidManifest.xml:219:9-223:59
	android:screenOrientation
		ADDED from src\main\AndroidManifest.xml:222:13-49
	android:configChanges
		ADDED from src\main\AndroidManifest.xml:221:13-74
	android:theme
		ADDED from src\main\AndroidManifest.xml:223:13-56
	android:name
		ADDED from src\main\AndroidManifest.xml:220:13-55
activity#com.cxzy.xxjg.ui.activitys.MenuActivity
ADDED from src\main\AndroidManifest.xml:224:9-228:63
	android:screenOrientation
		ADDED from src\main\AndroidManifest.xml:226:13-49
	android:windowSoftInputMode
		ADDED from src\main\AndroidManifest.xml:228:13-60
	android:theme
		ADDED from src\main\AndroidManifest.xml:227:13-56
	android:name
		ADDED from src\main\AndroidManifest.xml:225:13-54
activity#com.cxzy.xxjg.ui.activitys.HealthExaminationActivity
ADDED from src\main\AndroidManifest.xml:229:9-233:63
	android:screenOrientation
		ADDED from src\main\AndroidManifest.xml:231:13-49
	android:windowSoftInputMode
		ADDED from src\main\AndroidManifest.xml:233:13-60
	android:theme
		ADDED from src\main\AndroidManifest.xml:232:13-56
	android:name
		ADDED from src\main\AndroidManifest.xml:230:13-67
activity#com.cxzy.xxjg.ui.activitys.RetentionManageActivity
ADDED from src\main\AndroidManifest.xml:234:9-238:63
	android:screenOrientation
		ADDED from src\main\AndroidManifest.xml:236:13-49
	android:windowSoftInputMode
		ADDED from src\main\AndroidManifest.xml:238:13-60
	android:theme
		ADDED from src\main\AndroidManifest.xml:237:13-56
	android:name
		ADDED from src\main\AndroidManifest.xml:235:13-65
activity#com.cxzy.xxjg.ui.activitys.TrialManagementActivity
ADDED from src\main\AndroidManifest.xml:239:9-243:63
	android:screenOrientation
		ADDED from src\main\AndroidManifest.xml:241:13-49
	android:windowSoftInputMode
		ADDED from src\main\AndroidManifest.xml:243:13-60
	android:theme
		ADDED from src\main\AndroidManifest.xml:242:13-56
	android:name
		ADDED from src\main\AndroidManifest.xml:240:13-65
activity#com.cxzy.xxjg.ui.activitys.PhotoWallActivity
ADDED from src\main\AndroidManifest.xml:244:9-248:63
	android:screenOrientation
		ADDED from src\main\AndroidManifest.xml:246:13-49
	android:windowSoftInputMode
		ADDED from src\main\AndroidManifest.xml:248:13-60
	android:theme
		ADDED from src\main\AndroidManifest.xml:247:13-56
	android:name
		ADDED from src\main\AndroidManifest.xml:245:13-59
activity#com.cxzy.xxjg.ui.activitys.PhotoAlbumActivity
ADDED from src\main\AndroidManifest.xml:249:9-253:63
	android:screenOrientation
		ADDED from src\main\AndroidManifest.xml:251:13-49
	android:windowSoftInputMode
		ADDED from src\main\AndroidManifest.xml:253:13-60
	android:theme
		ADDED from src\main\AndroidManifest.xml:252:13-56
	android:name
		ADDED from src\main\AndroidManifest.xml:250:13-60
activity#com.cxzy.xxjg.ui.activitys.AddRetentionActivity
ADDED from src\main\AndroidManifest.xml:254:9-258:63
	android:screenOrientation
		ADDED from src\main\AndroidManifest.xml:256:13-49
	android:windowSoftInputMode
		ADDED from src\main\AndroidManifest.xml:258:13-60
	android:theme
		ADDED from src\main\AndroidManifest.xml:257:13-56
	android:name
		ADDED from src\main\AndroidManifest.xml:255:13-62
activity#com.cxzy.xxjg.ui.activitys.AddMenuActivity
ADDED from src\main\AndroidManifest.xml:259:9-264:63
	android:screenOrientation
		ADDED from src\main\AndroidManifest.xml:262:13-49
	android:hardwareAccelerated
		ADDED from src\main\AndroidManifest.xml:261:13-47
	android:windowSoftInputMode
		ADDED from src\main\AndroidManifest.xml:264:13-60
	android:theme
		ADDED from src\main\AndroidManifest.xml:263:13-56
	android:name
		ADDED from src\main\AndroidManifest.xml:260:13-57
activity#com.cxzy.xxjg.ui.activitys.AddTrialActivity
ADDED from src\main\AndroidManifest.xml:265:9-269:63
	android:screenOrientation
		ADDED from src\main\AndroidManifest.xml:267:13-49
	android:windowSoftInputMode
		ADDED from src\main\AndroidManifest.xml:269:13-60
	android:theme
		ADDED from src\main\AndroidManifest.xml:268:13-56
	android:name
		ADDED from src\main\AndroidManifest.xml:266:13-58
activity#com.cxzy.xxjg.ui.activitys.ScanResultActivity
ADDED from src\main\AndroidManifest.xml:270:9-275:63
	android:screenOrientation
		ADDED from src\main\AndroidManifest.xml:273:13-49
	android:launchMode
		ADDED from src\main\AndroidManifest.xml:272:13-44
	android:windowSoftInputMode
		ADDED from src\main\AndroidManifest.xml:275:13-60
	android:theme
		ADDED from src\main\AndroidManifest.xml:274:13-56
	android:name
		ADDED from src\main\AndroidManifest.xml:271:13-60
activity#com.cxzy.xxjg.ui.activitys.AboutUsActivity
ADDED from src\main\AndroidManifest.xml:276:9-280:63
	android:screenOrientation
		ADDED from src\main\AndroidManifest.xml:278:13-49
	android:windowSoftInputMode
		ADDED from src\main\AndroidManifest.xml:280:13-60
	android:theme
		ADDED from src\main\AndroidManifest.xml:279:13-56
	android:name
		ADDED from src\main\AndroidManifest.xml:277:13-57
activity#com.cxzy.xxjg.ui.activitys.UserProtocolActivity
ADDED from src\main\AndroidManifest.xml:281:9-284:62
	android:screenOrientation
		ADDED from src\main\AndroidManifest.xml:282:13-49
	android:windowSoftInputMode
		ADDED from src\main\AndroidManifest.xml:284:13-60
	android:theme
		ADDED from src\main\AndroidManifest.xml:283:13-56
	android:name
		ADDED from src\main\AndroidManifest.xml:281:19-68
activity#com.cxzy.xxjg.ui.activitys.ChangePasswordActivity
ADDED from src\main\AndroidManifest.xml:285:9-288:62
	android:screenOrientation
		ADDED from src\main\AndroidManifest.xml:286:13-49
	android:windowSoftInputMode
		ADDED from src\main\AndroidManifest.xml:288:13-60
	android:theme
		ADDED from src\main\AndroidManifest.xml:287:13-56
	android:name
		ADDED from src\main\AndroidManifest.xml:285:19-70
uses-sdk
INJECTED from src\main\AndroidManifest.xml reason: use-sdk injection requested
INJECTED from src\main\AndroidManifest.xml
INJECTED from src\main\AndroidManifest.xml
MERGED from [com.android.support:cardview-v7:26.1.0] AndroidManifest.xml:20:5-44
MERGED from [com.android.support:cardview-v7:26.1.0] AndroidManifest.xml:20:5-44
MERGED from [cn.bingoogolapple:bga-swipebacklayout:1.1.0] AndroidManifest.xml:6:5-8:41
MERGED from [cn.bingoogolapple:bga-swipebacklayout:1.1.0] AndroidManifest.xml:6:5-8:41
MERGED from [com.blankj:utilcode:1.3.6] AndroidManifest.xml:8:5-44